<?xml version="1.0" encoding="UTF-8"?>
<!-- Generated by org.testng.reporters.JUnitReportReporter -->
<testsuite skipped="0" hostname="DESKTOP-DITCEDA" name="com.google.qa.com.google1.VerifyLoginPage" tests="1" failures="0" timestamp="23 Dec 2018 03:03:18 GMT" time="15.024" errors="0">
  <testcase name="verifyLogin" time="15.024" classname="com.google.qa.com.google1.VerifyLoginPage"/>
</testsuite> <!-- com.google.qa.com.google1.VerifyLoginPage -->
